<?xml version="1.0" encoding="UTF-8"?>
<testng-results skipped="0" failed="0" ignored="0" total="1" passed="1">
  <reporter-output>
  </reporter-output>
  <suite name="Suite" duration-ms="82" started-at="2018-11-25T05:44:29Z" finished-at="2018-11-25T05:44:29Z">
    <groups>
    </groups>
    <test name="Test" duration-ms="82" started-at="2018-11-25T05:44:29Z" finished-at="2018-11-25T05:44:29Z">
      <class name="com.seleniumlearn.app.FirstTest">
        <test-method status="PASS" signature="firstMavenRun()[pri:0, instance:com.seleniumlearn.app.FirstTest@4678c730]" name="firstMavenRun" duration-ms="31" started-at="2018-11-25T05:44:29Z" finished-at="2018-11-25T05:44:29Z">
          <reporter-output>
          </reporter-output>
        </test-method> <!-- firstMavenRun -->
      </class> <!-- com.seleniumlearn.app.FirstTest -->
    </test> <!-- Test -->
  </suite> <!-- Suite -->
</testng-results>
